2018-05-10 09:58:04,765 - BrowserEngine - INFO - You had select Chrome browser.
2018-05-10 09:58:04,765 - BrowserEngine - INFO - The test server url is: https://www.baidu.com
2018-05-10 09:58:10,681 - BrowserEngine - INFO - Starting Chrome browser.
2018-05-10 09:58:10,999 - BrowserEngine - INFO - Open url:https://www.baidu.com
2018-05-10 09:58:12,115 - BrowserEngine - INFO - Maximize the current window.
2018-05-10 09:58:12,115 - BrowserEngine - INFO - Set implicitly wait 10 seconds.
2018-05-10 09:58:12,144 - BasePage - INFO - Had find the element '  ' successfulby id via value: kw
2018-05-10 09:58:12,247 - BasePage - INFO - Had type ' selenium ' in inputBox
2018-05-10 09:58:12,273 - BasePage - INFO - Had find the element '  ' successful by xpath via value: //*[@id='su'] 
2018-05-10 09:58:12,372 - BasePage - INFO - The element '  ' was clicked.
2018-05-10 09:58:14,641 - BasePage - INFO - 截图并保存至screenshots目录。
2018-05-10 09:58:14,645 - BasePage - INFO - Current page title is 百度一下，你就知道
2018-05-10 09:58:14,661 - BasePage - INFO - Had find the element '  ' successfulby id via value: kw
2018-05-10 09:58:14,711 - BasePage - INFO - Had type ' python ' in inputBox
2018-05-10 09:58:15,726 - BasePage - INFO - Had find the element '  ' successful by xpath via value: //*[@id='su'] 
2018-05-10 09:58:15,766 - BasePage - INFO - The element '  ' was clicked.
2018-05-10 09:58:18,055 - BasePage - INFO - 截图并保存至screenshots目录。
2018-05-10 09:58:21,144 - BrowserEngine - INFO - You had select Chrome browser.
2018-05-10 09:58:21,144 - BrowserEngine - INFO - The test server url is: https://www.baidu.com
2018-05-10 09:58:27,036 - BrowserEngine - INFO - Starting Chrome browser.
2018-05-10 09:58:27,747 - BrowserEngine - INFO - Open url:https://www.baidu.com
2018-05-10 09:58:28,867 - BrowserEngine - INFO - Maximize the current window.
2018-05-10 09:58:28,868 - BrowserEngine - INFO - Set implicitly wait 10 seconds.
2018-05-10 09:58:28,874 - BasePage - INFO - Current page title is 百度一下，你就知道
2018-05-10 09:58:31,953 - BrowserEngine - INFO - You had select Chrome browser.
2018-05-10 09:58:31,953 - BrowserEngine - INFO - The test server url is: https://www.baidu.com
2018-05-10 09:58:37,835 - BrowserEngine - INFO - Starting Chrome browser.
2018-05-10 09:58:45,878 - BrowserEngine - INFO - Open url:https://www.baidu.com
2018-05-10 09:58:46,993 - BrowserEngine - INFO - Maximize the current window.
2018-05-10 09:58:46,993 - BrowserEngine - INFO - Set implicitly wait 10 seconds.
2018-05-10 09:58:47,023 - BasePage - INFO - Had find the element ' 新闻 ' successful by xpath via value: //*[@id='u1']/a[1] 
