2018-05-10 10:46:48,315 - BrowserEngine - INFO - You had select Chrome browser.
2018-05-10 10:46:48,315 - BrowserEngine - INFO - The test server url is: https://www.baidu.com
2018-05-10 10:46:54,230 - BrowserEngine - INFO - Starting Chrome browser.
2018-05-10 10:46:57,851 - BrowserEngine - INFO - Open url:https://www.baidu.com
2018-05-10 10:46:58,973 - BrowserEngine - INFO - Maximize the current window.
2018-05-10 10:46:58,974 - BrowserEngine - INFO - Set implicitly wait 10 seconds.
2018-05-10 10:46:59,002 - BasePage - INFO - Had find the element '  ' successfulby id via value: kw
2018-05-10 10:46:59,099 - BasePage - INFO - Had type ' selenium ' in inputBox
2018-05-10 10:46:59,128 - BasePage - INFO - Had find the element '  ' successful by xpath via value: //*[@id='su'] 
2018-05-10 10:46:59,188 - BasePage - INFO - The element '  ' was clicked.
2018-05-10 10:47:01,505 - BasePage - INFO - 截图并保存至screenshots目录。
2018-05-10 10:47:01,510 - BasePage - INFO - Current page title is selenium_百度搜索
2018-05-10 10:47:01,525 - BasePage - INFO - Had find the element '  ' successfulby id via value: kw
2018-05-10 10:47:01,591 - BasePage - INFO - Had type ' python ' in inputBox
2018-05-10 10:47:02,607 - BasePage - INFO - Had find the element '  ' successful by xpath via value: //*[@id='su'] 
2018-05-10 10:47:02,648 - BasePage - INFO - The element '  ' was clicked.
2018-05-10 10:47:04,928 - BasePage - INFO - 截图并保存至screenshots目录。
2018-05-10 10:47:08,009 - BrowserEngine - INFO - You had select Chrome browser.
2018-05-10 10:47:08,009 - BrowserEngine - INFO - The test server url is: https://www.baidu.com
2018-05-10 10:47:13,394 - BrowserEngine - INFO - Starting Chrome browser.
2018-05-10 10:47:14,092 - BrowserEngine - INFO - Open url:https://www.baidu.com
2018-05-10 10:47:15,209 - BrowserEngine - INFO - Maximize the current window.
2018-05-10 10:47:15,210 - BrowserEngine - INFO - Set implicitly wait 10 seconds.
2018-05-10 10:47:15,216 - BasePage - INFO - Current page title is 百度一下，你就知道
2018-05-10 10:47:18,302 - BrowserEngine - INFO - You had select Chrome browser.
2018-05-10 10:47:18,302 - BrowserEngine - INFO - The test server url is: https://www.baidu.com
2018-05-10 10:47:24,181 - BrowserEngine - INFO - Starting Chrome browser.
2018-05-10 10:47:24,490 - BrowserEngine - INFO - Open url:https://www.baidu.com
2018-05-10 10:47:25,611 - BrowserEngine - INFO - Maximize the current window.
2018-05-10 10:47:25,614 - BrowserEngine - INFO - Set implicitly wait 10 seconds.
2018-05-10 10:47:25,638 - BasePage - INFO - Had find the element ' 新闻 ' successful by xpath via value: //*[@id='u1']/a[1] 
