2018-05-10 10:18:42,069 - BrowserEngine - INFO - You had select Chrome browser.
2018-05-10 10:18:42,069 - BrowserEngine - INFO - The test server url is: https://www.baidu.com
2018-05-10 10:18:47,500 - BrowserEngine - INFO - Starting Chrome browser.
2018-05-10 10:18:48,592 - BrowserEngine - INFO - Open url:https://www.baidu.com
2018-05-10 10:18:49,710 - BrowserEngine - INFO - Maximize the current window.
2018-05-10 10:18:49,710 - BrowserEngine - INFO - Set implicitly wait 10 seconds.
2018-05-10 10:18:49,736 - BasePage - INFO - Had find the element '  ' successfulby id via value: kw
2018-05-10 10:18:49,848 - BasePage - INFO - Had type ' selenium ' in inputBox
2018-05-10 10:18:49,875 - BasePage - INFO - Had find the element '  ' successful by xpath via value: //*[@id='su'] 
2018-05-10 10:18:49,938 - BasePage - INFO - The element '  ' was clicked.
2018-05-10 10:18:52,321 - BasePage - INFO - 截图并保存至screenshots目录。
2018-05-10 10:18:52,325 - BasePage - INFO - Current page title is selenium_百度搜索
2018-05-10 10:18:52,342 - BasePage - INFO - Had find the element '  ' successfulby id via value: kw
2018-05-10 10:18:52,431 - BasePage - INFO - Had type ' python ' in inputBox
2018-05-10 10:18:53,447 - BasePage - INFO - Had find the element '  ' successful by xpath via value: //*[@id='su'] 
2018-05-10 10:18:53,486 - BasePage - INFO - The element '  ' was clicked.
2018-05-10 10:18:55,773 - BasePage - INFO - 截图并保存至screenshots目录。
2018-05-10 10:18:58,862 - BrowserEngine - INFO - You had select Chrome browser.
2018-05-10 10:18:58,862 - BrowserEngine - INFO - The test server url is: https://www.baidu.com
2018-05-10 10:19:04,755 - BrowserEngine - INFO - Starting Chrome browser.
2018-05-10 10:19:07,831 - BrowserEngine - INFO - Open url:https://www.baidu.com
2018-05-10 10:19:08,950 - BrowserEngine - INFO - Maximize the current window.
2018-05-10 10:19:08,951 - BrowserEngine - INFO - Set implicitly wait 10 seconds.
2018-05-10 10:19:08,957 - BasePage - INFO - Current page title is 百度一下，你就知道
2018-05-10 10:19:12,043 - BrowserEngine - INFO - You had select Chrome browser.
2018-05-10 10:19:12,043 - BrowserEngine - INFO - The test server url is: https://www.baidu.com
2018-05-10 10:19:17,957 - BrowserEngine - INFO - Starting Chrome browser.
2018-05-10 10:19:21,881 - BrowserEngine - INFO - Open url:https://www.baidu.com
2018-05-10 10:19:23,002 - BrowserEngine - INFO - Maximize the current window.
2018-05-10 10:19:23,003 - BrowserEngine - INFO - Set implicitly wait 10 seconds.
2018-05-10 10:19:23,029 - BasePage - INFO - Had find the element ' 新闻 ' successful by xpath via value: //*[@id='u1']/a[1] 
