2018-05-09 13:42:35,104 - BrowserEngine - INFO - You had select Chrome browser.
2018-05-09 13:42:35,105 - BrowserEngine - INFO - The test server url is: https://www.baidu.com
2018-05-09 13:42:41,188 - BrowserEngine - INFO - Starting Chrome browser.
2018-05-09 13:42:41,509 - BrowserEngine - INFO - Open url:https://www.baidu.com
2018-05-09 13:42:42,631 - BrowserEngine - INFO - Maximize the current window.
2018-05-09 13:42:42,641 - BrowserEngine - INFO - Set implicitly wait 10 seconds.
2018-05-09 13:42:42,668 - BasePage - INFO - Had find the element '  ' successfulby id via value: kw
2018-05-09 13:42:42,779 - BasePage - INFO - Had type ' selenium ' in inputBox
2018-05-09 13:42:42,805 - BasePage - INFO - Had find the element '  ' successful by xpath via value: //*[@id='su'] 
2018-05-09 13:42:42,878 - BasePage - INFO - The element '  ' was clicked.
2018-05-09 13:42:45,188 - BasePage - INFO - 截图并保存至screenshots目录。
2018-05-09 13:42:45,193 - BasePage - INFO - Current page title is selenium_百度搜索
2018-05-09 13:42:48,309 - BrowserEngine - INFO - You had select Chrome browser.
2018-05-09 13:42:48,309 - BrowserEngine - INFO - The test server url is: https://www.baidu.com
2018-05-09 13:42:54,285 - BrowserEngine - INFO - Starting Chrome browser.
2018-05-09 13:42:56,434 - BrowserEngine - INFO - Open url:https://www.baidu.com
2018-05-09 13:42:57,559 - BrowserEngine - INFO - Maximize the current window.
2018-05-09 13:42:57,559 - BrowserEngine - INFO - Set implicitly wait 10 seconds.
2018-05-09 13:42:57,589 - BasePage - INFO - Had find the element '  ' successfulby id via value: kw
2018-05-09 13:42:57,691 - BasePage - INFO - Had type ' python ' in inputBox
2018-05-09 13:42:58,717 - BasePage - INFO - Had find the element '  ' successful by xpath via value: //*[@id='su'] 
2018-05-09 13:42:58,788 - BasePage - INFO - The element '  ' was clicked.
2018-05-09 13:43:01,092 - BasePage - INFO - 截图并保存至screenshots目录。
