2018-05-09 19:48:19,319 - BrowserEngine - INFO - You had select Chrome browser.
2018-05-09 19:48:19,321 - BrowserEngine - INFO - The test server url is: https://www.baidu.com
2018-05-09 19:48:25,345 - BrowserEngine - INFO - Starting Chrome browser.
2018-05-09 19:48:25,743 - BrowserEngine - INFO - Open url:https://www.baidu.com
2018-05-09 19:48:26,865 - BrowserEngine - INFO - Maximize the current window.
2018-05-09 19:48:26,867 - BrowserEngine - INFO - Set implicitly wait 10 seconds.
2018-05-09 19:48:26,891 - BasePage - INFO - Had find the element '  ' successfulby id via value: kw
2018-05-09 19:48:27,000 - BasePage - INFO - Had type ' selenium ' in inputBox
2018-05-09 19:48:27,025 - BasePage - INFO - Had find the element '  ' successful by xpath via value: //*[@id='su'] 
2018-05-09 19:48:27,095 - BasePage - INFO - The element '  ' was clicked.
2018-05-09 19:48:29,424 - BasePage - INFO - 截图并保存至screenshots目录。
2018-05-09 19:48:29,428 - BasePage - INFO - Current page title is selenium_百度搜索
2018-05-09 19:48:29,444 - BasePage - INFO - Had find the element '  ' successfulby id via value: kw
2018-05-09 19:48:29,506 - BasePage - INFO - Had type ' python ' in inputBox
2018-05-09 19:48:30,522 - BasePage - INFO - Had find the element '  ' successful by xpath via value: //*[@id='su'] 
2018-05-09 19:48:30,569 - BasePage - INFO - The element '  ' was clicked.
2018-05-09 19:48:32,852 - BasePage - INFO - 截图并保存至screenshots目录。
2018-05-09 19:48:35,956 - BrowserEngine - INFO - You had select Chrome browser.
2018-05-09 19:48:35,956 - BrowserEngine - INFO - The test server url is: https://www.baidu.com
2018-05-09 19:48:41,904 - BrowserEngine - INFO - Starting Chrome browser.
2018-05-09 19:48:42,233 - BrowserEngine - INFO - Open url:https://www.baidu.com
2018-05-09 19:48:43,355 - BrowserEngine - INFO - Maximize the current window.
2018-05-09 19:48:43,358 - BrowserEngine - INFO - Set implicitly wait 10 seconds.
2018-05-09 19:48:43,362 - BasePage - INFO - Current page title is 百度一下，你就知道
